[35m[Appium][39m Welcome to Appium v1.22.2
[35m[Appium][39m Non-default server args:
[35m[Appium][39m   port: 54999
[35m[Appium][39m   loglevel: info
[35m[Appium][39m   tmpDir: C:\Users\shash\AppData\Local\Temp\\Katalon\Appium\Temp1641906566505
[35m[Appium][39m   chromedriverPort: 55001
[35m[Appium][39m Deprecated server args:
[35m[Appium][39m   [31m--chromedriver-port[39m => --default-capabilities
[35m[Appium][39m Default capabilities, which will be added to each request unless overridden by desired capabilities:
[35m[Appium][39m   chromedriverPort: 55001
[35m[Appium][39m Appium REST http interface listener started on 0.0.0.0:54999
[35m[HTTP][39m [37m-->[39m [37mGET[39m [37m/wd/hub/status[39m
[35m[HTTP][39m [90m{}[39m
[35m[HTTP][39m [37m<-- GET /wd/hub/status [39m[32m200[39m [90m4 ms - 68[39m
[35m[HTTP][39m [90m[39m
[35m[HTTP][39m [37m-->[39m [37mGET[39m [37m/wd/hub/status[39m
[35m[HTTP][39m [90m{}[39m
[35m[HTTP][39m [37m<-- GET /wd/hub/status [39m[32m200[39m [90m1 ms - 68[39m
[35m[HTTP][39m [90m[39m
[35m[HTTP][39m [37m-->[39m [37mPOST[39m [37m/wd/hub/session[39m
[35m[HTTP][39m [90m{"desiredCapabilities":{"app":"C:\\Users\\shash\\Downloads\\selendroid-test-app-0.17.0.apk","noReset":true,"deviceName":"emulator-5554 (Android SDK built for x86_64 - Android 10)","fullReset":false,"platform":"ANDROID","newCommandTimeout":1800,"platformVersion":"10","automationName":"uiautomator2","autoGrantPermissions":true,"platformName":"Android","udid":"emulator-5554","systemPort":55006},"capabilities":{"firstMatch":[{"appium:app":"C:\\Users\\shash\\Downloads\\selendroid-test-app-0.17.0.apk","appium:autoGrantPermissions":true,"appium:automationName":"uiautomator2","appium:deviceName":"emulator-5554 (Android SDK built for x86_64 - Android 10)","appium:fullReset":false,"appium:newCommandTimeout":1800,"appium:noReset":true,"platform":"ANDROID","platformName":"android","appium:platformVersion":"10","appium:systemPort":55006,"appium:udid":"emulator-5554"}]}}[39m
[35m[BaseDriver][39m The following capabilities are not standard capabilities and should have an extension prefix:
[35m[BaseDriver][39m   platform
[35m[BaseDriver][39m   chromedriverPort
[35m[Appium][39m Appium v1.22.2 creating new AndroidUiautomator2Driver (v1.70.1) session
[35m[BaseDriver][39m The following capabilities were provided, but are not recognized by Appium:
[35m[BaseDriver][39m   platform
[35m[BaseDriver][39m Session created with session id: 7e31f990-7d2d-48e5-a929-a7bd40521454
[35m[BaseDriver][39m Using local app 'C:\Users\shash\Downloads\selendroid-test-app-0.17.0.apk'
[35m[ADB][39m Found 3 'build-tools' folders under 'C:\Users\shash\Android\Sdk' (newest first):
[35m[ADB][39m     C:/Users/shash/Android/Sdk/build-tools/32.0.0
[35m[ADB][39m     C:/Users/shash/Android/Sdk/build-tools/31.0.0
[35m[ADB][39m     C:/Users/shash/Android/Sdk/build-tools/30.0.3
[35m[ADB][39m Using 'adb.exe' from 'C:\Users\shash\Android\Sdk\platform-tools\adb.exe'
[35m[AndroidDriver][39m Retrieving device list
[35m[AndroidDriver][39m Using device: emulator-5554
[35m[ADB][39m Using 'adb.exe' from 'C:\Users\shash\Android\Sdk\platform-tools\adb.exe'
[35m[ADB][39m Getting device platform version
[35m[UiAutomator2][39m Relaxing hidden api policy
[35m[ADB][39m Package name: 'io.selendroid.testapp'
[35m[ADB][39m Main activity name: '.HomeScreenActivity'
[35m[ADB][39m Using 'apksigner.jar' from 'C:\Users\shash\Android\Sdk\build-tools\32.0.0\lib\apksigner.jar'
[35m[ADB][39m 'C:\Users\shash\AppData\Roaming\npm\node_modules\appium\node_modules\appium-uiautomator2-server\apks\appium-uiautomator2-server-v4.27.0.apk' is signed with the default certificate
[35m[ADB][39m 'C:\Users\shash\AppData\Roaming\npm\node_modules\appium\node_modules\appium-uiautomator2-server\apks\appium-uiautomator2-server-debug-androidTest.apk' is signed with the default certificate
[35m[UiAutomator2][39m Server packages are not going to be (re)installed
[35m[ADB][39m Adding packages ["io.appium.settings","io.appium.uiautomator2.server","io.appium.uiautomator2.server.test"] to Doze whitelist
[35m[ADB][39m 'C:\Users\shash\Downloads\selendroid-test-app-0.17.0.apk' is signed with a non-default certificate
[35m[UiAutomator2][39m Starting UIAutomator2 server 4.27.0
[35m[UiAutomator2][39m Using UIAutomator2 server from 'C:\Users\shash\AppData\Roaming\npm\node_modules\appium\node_modules\appium-uiautomator2-server\apks\appium-uiautomator2-server-v4.27.0.apk' and test from 'C:\Users\shash\AppData\Roaming\npm\node_modules\appium\node_modules\appium-uiautomator2-server\apks\appium-uiautomator2-server-debug-androidTest.apk'
[35m[UiAutomator2][39m Waiting up to 30000ms for UiAutomator2 to be online...
[35m[WD Proxy][39m socket hang up
[35m[WD Proxy][39m socket hang up
[35m[WD Proxy][39m Determined the downstream protocol as 'W3C'
[35m[AndroidDriver][39m Screen already unlocked, doing nothing
[35m[UiAutomator2][39m Starting 'io.selendroid.testapp/.HomeScreenActivity and waiting for 'io.selendroid.testapp/.HomeScreenActivity'
[35m[Appium][39m New AndroidUiautomator2Driver session created successfully, session 7e31f990-7d2d-48e5-a929-a7bd40521454 added to master session list
[35m[HTTP][39m [37m<-- POST /wd/hub/session [39m[32m200[39m [90m5347 ms - 1328[39m
[35m[HTTP][39m [90m[39m
[35m[HTTP][39m [37m-->[39m [37mGET[39m [37m/wd/hub/session/7e31f990-7d2d-48e5-a929-a7bd40521454[39m
[35m[HTTP][39m [90m{}[39m
[35m[HTTP][39m [37m<-- GET /wd/hub/session/7e31f990-7d2d-48e5-a929-a7bd40521454 [39m[32m200[39m [90m7 ms - 1282[39m
[35m[HTTP][39m [90m[39m
[35m[HTTP][39m [37m-->[39m [37mGET[39m [37m/wd/hub/session/7e31f990-7d2d-48e5-a929-a7bd40521454[39m
[35m[HTTP][39m [90m{}[39m
[35m[HTTP][39m [37m<-- GET /wd/hub/session/7e31f990-7d2d-48e5-a929-a7bd40521454 [39m[32m200[39m [90m8 ms - 1282[39m
[35m[HTTP][39m [90m[39m
[35m[HTTP][39m [37m-->[39m [37mGET[39m [37m/wd/hub/status[39m
[35m[HTTP][39m [90m{}[39m
[35m[HTTP][39m [37m<-- GET /wd/hub/status [39m[32m200[39m [90m1 ms - 68[39m
[35m[HTTP][39m [90m[39m
[35m[HTTP][39m [37m-->[39m [37mPOST[39m [37m/wd/hub/session/7e31f990-7d2d-48e5-a929-a7bd40521454/timeouts[39m
[35m[HTTP][39m [90m{"implicit":60000}[39m
[35m[HTTP][39m [37m<-- POST /wd/hub/session/7e31f990-7d2d-48e5-a929-a7bd40521454/timeouts [39m[32m200[39m [90m2 ms - 14[39m
[35m[HTTP][39m [90m[39m
[35m[HTTP][39m [37m-->[39m [37mGET[39m [37m/wd/hub/session/7e31f990-7d2d-48e5-a929-a7bd40521454/source[39m
[35m[HTTP][39m [90m{}[39m
[35m[W3C (7e31f990)][39m Driver proxy active, passing request on via HTTP proxy
[35m[WD Proxy][39m Replacing sessionId 58b05490-473d-4ddf-a08b-2aeb0f6b6fa7 with 7e31f990-7d2d-48e5-a929-a7bd40521454
[35m[HTTP][39m [37m<-- GET /wd/hub/session/7e31f990-7d2d-48e5-a929-a7bd40521454/source [39m[32m200[39m [90m527 ms - 13289[39m
[35m[HTTP][39m [90m[39m
[35m[HTTP][39m [37m-->[39m [37mGET[39m [37m/wd/hub/session/7e31f990-7d2d-48e5-a929-a7bd40521454/screenshot[39m
[35m[HTTP][39m [90m{}[39m
[35m[HTTP][39m [37m<-- GET /wd/hub/session/7e31f990-7d2d-48e5-a929-a7bd40521454/screenshot [39m[32m200[39m [90m218 ms - 265590[39m
[35m[HTTP][39m [90m[39m
[35m[HTTP][39m [37m-->[39m [37mPOST[39m [37m/wd/hub/session/7e31f990-7d2d-48e5-a929-a7bd40521454/elements[39m
[35m[HTTP][39m [90m{"using":"xpath","value":"//*[@class = 'android.widget.ImageButton' and @resource-id = 'io.selendroid.testapp:id/buttonStartWebview' and (@text = '' or . = '')]"}[39m
[35m[HTTP][39m [37m<-- POST /wd/hub/session/7e31f990-7d2d-48e5-a929-a7bd40521454/elements [39m[32m200[39m [90m378 ms - 139[39m
[35m[HTTP][39m [90m[39m
[35m[HTTP][39m [37m-->[39m [37mGET[39m [37m/wd/hub/session/7e31f990-7d2d-48e5-a929-a7bd40521454/window/rect[39m
[35m[HTTP][39m [90m{}[39m
[35m[HTTP][39m [37m<-- GET /wd/hub/session/7e31f990-7d2d-48e5-a929-a7bd40521454/window/rect [39m[32m200[39m [90m10 ms - 50[39m
[35m[HTTP][39m [90m[39m
[35m[HTTP][39m [37m-->[39m [37mPOST[39m [37m/wd/hub/session/7e31f990-7d2d-48e5-a929-a7bd40521454/elements[39m
[35m[HTTP][39m [90m{"using":"xpath","value":"//*[@class = 'android.widget.ImageButton' and @resource-id = 'io.selendroid.testapp:id/buttonStartWebview' and (@text = '' or . = '')]"}[39m
[35m[HTTP][39m [37m<-- POST /wd/hub/session/7e31f990-7d2d-48e5-a929-a7bd40521454/elements [39m[32m200[39m [90m44 ms - 139[39m
[35m[HTTP][39m [90m[39m
[35m[HTTP][39m [37m-->[39m [37mGET[39m [37m/wd/hub/session/7e31f990-7d2d-48e5-a929-a7bd40521454/element/00000000-0000-00cb-ffff-ffff0000000b/location[39m
[35m[HTTP][39m [90m{}[39m
[35m[W3C (7e31f990)][39m Driver proxy active, passing request on via HTTP proxy
[35m[WD Proxy][39m Replacing sessionId 58b05490-473d-4ddf-a08b-2aeb0f6b6fa7 with 7e31f990-7d2d-48e5-a929-a7bd40521454
[35m[HTTP][39m [37m<-- GET /wd/hub/session/7e31f990-7d2d-48e5-a929-a7bd40521454/element/00000000-0000-00cb-ffff-ffff0000000b/location [39m[32m200[39m [90m12 ms - 76[39m
[35m[HTTP][39m [90m[39m
[35m[HTTP][39m [37m-->[39m [37mPOST[39m [37m/wd/hub/session/7e31f990-7d2d-48e5-a929-a7bd40521454/touch/perform[39m
[35m[HTTP][39m [90m{"actions":[{"action":"tap","options":{"x":1,"y":1,"element":"00000000-0000-00cb-ffff-ffff0000000b"}}]}[39m
[35m[UiAutomator2][39m calling get location: 00000000-0000-00cb-ffff-ffff0000000b
[35m[HTTP][39m [37m<-- POST /wd/hub/session/7e31f990-7d2d-48e5-a929-a7bd40521454/touch/perform [39m[32m200[39m [90m163 ms - 14[39m
[35m[HTTP][39m [90m[39m
[35m[HTTP][39m [37m-->[39m [37mGET[39m [37m/wd/hub/session/7e31f990-7d2d-48e5-a929-a7bd40521454/source[39m
[35m[HTTP][39m [90m{}[39m
[35m[W3C (7e31f990)][39m Driver proxy active, passing request on via HTTP proxy
[35m[WD Proxy][39m Replacing sessionId 58b05490-473d-4ddf-a08b-2aeb0f6b6fa7 with 7e31f990-7d2d-48e5-a929-a7bd40521454
[35m[HTTP][39m [37m<-- GET /wd/hub/session/7e31f990-7d2d-48e5-a929-a7bd40521454/source [39m[32m200[39m [90m474 ms - 12785[39m
[35m[HTTP][39m [90m[39m
[35m[HTTP][39m [37m-->[39m [37mGET[39m [37m/wd/hub/session/7e31f990-7d2d-48e5-a929-a7bd40521454/screenshot[39m
[35m[HTTP][39m [90m{}[39m
[35m[HTTP][39m [37m<-- GET /wd/hub/session/7e31f990-7d2d-48e5-a929-a7bd40521454/screenshot [39m[32m200[39m [90m207 ms - 140006[39m
[35m[HTTP][39m [90m[39m
[35m[HTTP][39m [37m-->[39m [37mPOST[39m [37m/wd/hub/session/7e31f990-7d2d-48e5-a929-a7bd40521454/elements[39m
[35m[HTTP][39m [90m{"using":"xpath","value":"//*[@class = 'android.widget.EditText' and (@text = 'Enter your name here!' or . = 'Enter your name here!') and @resource-id = 'name_input']"}[39m
[35m[HTTP][39m [37m<-- POST /wd/hub/session/7e31f990-7d2d-48e5-a929-a7bd40521454/elements [39m[32m200[39m [90m39 ms - 139[39m
[35m[HTTP][39m [90m[39m
[35m[HTTP][39m [37m-->[39m [37mGET[39m [37m/wd/hub/session/7e31f990-7d2d-48e5-a929-a7bd40521454/window/rect[39m
[35m[HTTP][39m [90m{}[39m
[35m[HTTP][39m [37m<-- GET /wd/hub/session/7e31f990-7d2d-48e5-a929-a7bd40521454/window/rect [39m[32m200[39m [90m9 ms - 50[39m
[35m[HTTP][39m [90m[39m
[35m[HTTP][39m [37m-->[39m [37mPOST[39m [37m/wd/hub/session/7e31f990-7d2d-48e5-a929-a7bd40521454/elements[39m
[35m[HTTP][39m [90m{"using":"xpath","value":"//*[@class = 'android.widget.EditText' and (@text = 'Enter your name here!' or . = 'Enter your name here!') and @resource-id = 'name_input']"}[39m
[35m[HTTP][39m [37m<-- POST /wd/hub/session/7e31f990-7d2d-48e5-a929-a7bd40521454/elements [39m[32m200[39m [90m42 ms - 139[39m
[35m[HTTP][39m [90m[39m
[35m[HTTP][39m [37m-->[39m [37mGET[39m [37m/wd/hub/session/7e31f990-7d2d-48e5-a929-a7bd40521454/element/00000000-0000-00cd-0000-001f0000003d/location[39m
[35m[HTTP][39m [90m{}[39m
[35m[W3C (7e31f990)][39m Driver proxy active, passing request on via HTTP proxy
[35m[WD Proxy][39m Replacing sessionId 58b05490-473d-4ddf-a08b-2aeb0f6b6fa7 with 7e31f990-7d2d-48e5-a929-a7bd40521454
[35m[HTTP][39m [37m<-- GET /wd/hub/session/7e31f990-7d2d-48e5-a929-a7bd40521454/element/00000000-0000-00cd-0000-001f0000003d/location [39m[32m200[39m [90m12 ms - 78[39m
[35m[HTTP][39m [90m[39m
[35m[HTTP][39m [37m-->[39m [37mPOST[39m [37m/wd/hub/session/7e31f990-7d2d-48e5-a929-a7bd40521454/element/00000000-0000-00cd-0000-001f0000003d/clear[39m
[35m[HTTP][39m [90m{"id":"00000000-0000-00cd-0000-001f0000003d"}[39m
[35m[HTTP][39m [37m<-- POST /wd/hub/session/7e31f990-7d2d-48e5-a929-a7bd40521454/element/00000000-0000-00cd-0000-001f0000003d/clear [39m[32m200[39m [90m20 ms - 14[39m
[35m[HTTP][39m [90m[39m
[35m[HTTP][39m [37m-->[39m [37mPOST[39m [37m/wd/hub/session/7e31f990-7d2d-48e5-a929-a7bd40521454/element/00000000-0000-00cd-0000-001f0000003d/value[39m
[35m[HTTP][39m [90m{"id":"00000000-0000-00cd-0000-001f0000003d","text":"Shashank","value":["S","h","a","s","h","a","n","k"]}[39m
[35m[HTTP][39m [37m<-- POST /wd/hub/session/7e31f990-7d2d-48e5-a929-a7bd40521454/element/00000000-0000-00cd-0000-001f0000003d/value [39m[32m200[39m [90m497 ms - 14[39m
[35m[HTTP][39m [90m[39m
[35m[HTTP][39m [37m-->[39m [37mGET[39m [37m/wd/hub/session/7e31f990-7d2d-48e5-a929-a7bd40521454/source[39m
[35m[HTTP][39m [90m{}[39m
[35m[W3C (7e31f990)][39m Driver proxy active, passing request on via HTTP proxy
[35m[WD Proxy][39m Replacing sessionId 58b05490-473d-4ddf-a08b-2aeb0f6b6fa7 with 7e31f990-7d2d-48e5-a929-a7bd40521454
[35m[HTTP][39m [37m<-- GET /wd/hub/session/7e31f990-7d2d-48e5-a929-a7bd40521454/source [39m[32m200[39m [90m80 ms - 12772[39m
[35m[HTTP][39m [90m[39m
[35m[HTTP][39m [37m-->[39m [37mGET[39m [37m/wd/hub/session/7e31f990-7d2d-48e5-a929-a7bd40521454/screenshot[39m
[35m[HTTP][39m [90m{}[39m
[35m[HTTP][39m [37m<-- GET /wd/hub/session/7e31f990-7d2d-48e5-a929-a7bd40521454/screenshot [39m[32m200[39m [90m223 ms - 136512[39m
[35m[HTTP][39m [90m[39m
[35m[HTTP][39m [37m-->[39m [37mPOST[39m [37m/wd/hub/session/7e31f990-7d2d-48e5-a929-a7bd40521454/elements[39m
[35m[HTTP][39m [90m{"using":"xpath","value":"//*[@class = 'android.widget.Spinner' and (@text = 'Volvo' or . = 'Volvo')]"}[39m
[35m[HTTP][39m [37m<-- POST /wd/hub/session/7e31f990-7d2d-48e5-a929-a7bd40521454/elements [39m[32m200[39m [90m52 ms - 139[39m
[35m[HTTP][39m [90m[39m
[35m[HTTP][39m [37m-->[39m [37mGET[39m [37m/wd/hub/session/7e31f990-7d2d-48e5-a929-a7bd40521454/window/rect[39m
[35m[HTTP][39m [90m{}[39m
[35m[HTTP][39m [37m<-- GET /wd/hub/session/7e31f990-7d2d-48e5-a929-a7bd40521454/window/rect [39m[32m200[39m [90m7 ms - 50[39m
[35m[HTTP][39m [90m[39m
[35m[HTTP][39m [37m-->[39m [37mPOST[39m [37m/wd/hub/session/7e31f990-7d2d-48e5-a929-a7bd40521454/elements[39m
[35m[HTTP][39m [90m{"using":"xpath","value":"//*[@class = 'android.widget.Spinner' and (@text = 'Volvo' or . = 'Volvo')]"}[39m
[35m[HTTP][39m [37m<-- POST /wd/hub/session/7e31f990-7d2d-48e5-a929-a7bd40521454/elements [39m[32m200[39m [90m40 ms - 139[39m
[35m[HTTP][39m [90m[39m
[35m[HTTP][39m [37m-->[39m [37mGET[39m [37m/wd/hub/session/7e31f990-7d2d-48e5-a929-a7bd40521454/element/00000000-0000-00cd-0000-00290000003d/location[39m
[35m[HTTP][39m [90m{}[39m
[35m[W3C (7e31f990)][39m Driver proxy active, passing request on via HTTP proxy
[35m[WD Proxy][39m Replacing sessionId 58b05490-473d-4ddf-a08b-2aeb0f6b6fa7 with 7e31f990-7d2d-48e5-a929-a7bd40521454
[35m[HTTP][39m [37m<-- GET /wd/hub/session/7e31f990-7d2d-48e5-a929-a7bd40521454/element/00000000-0000-00cd-0000-00290000003d/location [39m[32m200[39m [90m11 ms - 78[39m
[35m[HTTP][39m [90m[39m
[35m[HTTP][39m [37m-->[39m [37mPOST[39m [37m/wd/hub/session/7e31f990-7d2d-48e5-a929-a7bd40521454/touch/perform[39m
[35m[HTTP][39m [90m{"actions":[{"action":"tap","options":{"x":1,"y":1,"element":"00000000-0000-00cd-0000-00290000003d"}}]}[39m
[35m[UiAutomator2][39m calling get location: 00000000-0000-00cd-0000-00290000003d
[35m[HTTP][39m [37m<-- POST /wd/hub/session/7e31f990-7d2d-48e5-a929-a7bd40521454/touch/perform [39m[32m200[39m [90m833 ms - 14[39m
[35m[HTTP][39m [90m[39m
[35m[HTTP][39m [37m-->[39m [37mGET[39m [37m/wd/hub/session/7e31f990-7d2d-48e5-a929-a7bd40521454/source[39m
[35m[HTTP][39m [90m{}[39m
[35m[W3C (7e31f990)][39m Driver proxy active, passing request on via HTTP proxy
[35m[WD Proxy][39m Replacing sessionId 58b05490-473d-4ddf-a08b-2aeb0f6b6fa7 with 7e31f990-7d2d-48e5-a929-a7bd40521454
[35m[HTTP][39m [37m<-- GET /wd/hub/session/7e31f990-7d2d-48e5-a929-a7bd40521454/source [39m[32m200[39m [90m27 ms - 4617[39m
[35m[HTTP][39m [90m[39m
[35m[HTTP][39m [37m-->[39m [37mGET[39m [37m/wd/hub/session/7e31f990-7d2d-48e5-a929-a7bd40521454/screenshot[39m
[35m[HTTP][39m [90m{}[39m
[35m[HTTP][39m [37m<-- GET /wd/hub/session/7e31f990-7d2d-48e5-a929-a7bd40521454/screenshot [39m[32m200[39m [90m245 ms - 156026[39m
[35m[HTTP][39m [90m[39m
[35m[HTTP][39m [37m-->[39m [37mPOST[39m [37m/wd/hub/session/7e31f990-7d2d-48e5-a929-a7bd40521454/elements[39m
[35m[HTTP][39m [90m{"using":"xpath","value":"//*[@class = 'android.widget.CheckedTextView' and (@text = 'Audi' or . = 'Audi') and @resource-id = 'android:id/text1']"}[39m
[35m[HTTP][39m [37m<-- POST /wd/hub/session/7e31f990-7d2d-48e5-a929-a7bd40521454/elements [39m[32m200[39m [90m24 ms - 139[39m
[35m[HTTP][39m [90m[39m
[35m[HTTP][39m [37m-->[39m [37mGET[39m [37m/wd/hub/session/7e31f990-7d2d-48e5-a929-a7bd40521454/window/rect[39m
[35m[HTTP][39m [90m{}[39m
[35m[HTTP][39m [37m<-- GET /wd/hub/session/7e31f990-7d2d-48e5-a929-a7bd40521454/window/rect [39m[32m200[39m [90m7 ms - 50[39m
[35m[HTTP][39m [90m[39m
[35m[HTTP][39m [37m-->[39m [37mPOST[39m [37m/wd/hub/session/7e31f990-7d2d-48e5-a929-a7bd40521454/elements[39m
[35m[HTTP][39m [90m{"using":"xpath","value":"//*[@class = 'android.widget.CheckedTextView' and (@text = 'Audi' or . = 'Audi') and @resource-id = 'android:id/text1']"}[39m
[35m[HTTP][39m [37m<-- POST /wd/hub/session/7e31f990-7d2d-48e5-a929-a7bd40521454/elements [39m[32m200[39m [90m26 ms - 139[39m
[35m[HTTP][39m [90m[39m
[35m[HTTP][39m [37m-->[39m [37mGET[39m [37m/wd/hub/session/7e31f990-7d2d-48e5-a929-a7bd40521454/element/00000000-0000-00ce-ffff-ffff00000057/location[39m
[35m[HTTP][39m [90m{}[39m
[35m[W3C (7e31f990)][39m Driver proxy active, passing request on via HTTP proxy
[35m[WD Proxy][39m Replacing sessionId 58b05490-473d-4ddf-a08b-2aeb0f6b6fa7 with 7e31f990-7d2d-48e5-a929-a7bd40521454
[35m[HTTP][39m [37m<-- GET /wd/hub/session/7e31f990-7d2d-48e5-a929-a7bd40521454/element/00000000-0000-00ce-ffff-ffff00000057/location [39m[32m200[39m [90m12 ms - 79[39m
[35m[HTTP][39m [90m[39m
[35m[HTTP][39m [37m-->[39m [37mPOST[39m [37m/wd/hub/session/7e31f990-7d2d-48e5-a929-a7bd40521454/touch/perform[39m
[35m[HTTP][39m [90m{"actions":[{"action":"tap","options":{"x":1,"y":1,"element":"00000000-0000-00ce-ffff-ffff00000057"}}]}[39m
[35m[UiAutomator2][39m calling get location: 00000000-0000-00ce-ffff-ffff00000057
[35m[HTTP][39m [37m<-- POST /wd/hub/session/7e31f990-7d2d-48e5-a929-a7bd40521454/touch/perform [39m[32m200[39m [90m683 ms - 14[39m
[35m[HTTP][39m [90m[39m
[35m[HTTP][39m [37m-->[39m [37mGET[39m [37m/wd/hub/session/7e31f990-7d2d-48e5-a929-a7bd40521454/source[39m
[35m[HTTP][39m [90m{}[39m
[35m[W3C (7e31f990)][39m Driver proxy active, passing request on via HTTP proxy
[35m[WD Proxy][39m Replacing sessionId 58b05490-473d-4ddf-a08b-2aeb0f6b6fa7 with 7e31f990-7d2d-48e5-a929-a7bd40521454
[35m[HTTP][39m [37m<-- GET /wd/hub/session/7e31f990-7d2d-48e5-a929-a7bd40521454/source [39m[32m200[39m [90m63 ms - 12771[39m
[35m[HTTP][39m [90m[39m
[35m[HTTP][39m [37m-->[39m [37mGET[39m [37m/wd/hub/session/7e31f990-7d2d-48e5-a929-a7bd40521454/screenshot[39m
[35m[HTTP][39m [90m{}[39m
[35m[HTTP][39m [37m<-- GET /wd/hub/session/7e31f990-7d2d-48e5-a929-a7bd40521454/screenshot [39m[32m200[39m [90m191 ms - 136468[39m
[35m[HTTP][39m [90m[39m
[35m[HTTP][39m [37m-->[39m [37mPOST[39m [37m/wd/hub/session/7e31f990-7d2d-48e5-a929-a7bd40521454/elements[39m
[35m[HTTP][39m [90m{"using":"xpath","value":"//*[@class = 'android.widget.Button' and (@text = 'Send me your name!' or . = 'Send me your name!')]"}[39m
[35m[HTTP][39m [37m<-- POST /wd/hub/session/7e31f990-7d2d-48e5-a929-a7bd40521454/elements [39m[32m200[39m [90m36 ms - 139[39m
[35m[HTTP][39m [90m[39m
[35m[HTTP][39m [37m-->[39m [37mGET[39m [37m/wd/hub/session/7e31f990-7d2d-48e5-a929-a7bd40521454/window/rect[39m
[35m[HTTP][39m [90m{}[39m
[35m[HTTP][39m [37m<-- GET /wd/hub/session/7e31f990-7d2d-48e5-a929-a7bd40521454/window/rect [39m[32m200[39m [90m7 ms - 50[39m
[35m[HTTP][39m [90m[39m
[35m[HTTP][39m [37m-->[39m [37mPOST[39m [37m/wd/hub/session/7e31f990-7d2d-48e5-a929-a7bd40521454/elements[39m
[35m[HTTP][39m [90m{"using":"xpath","value":"//*[@class = 'android.widget.Button' and (@text = 'Send me your name!' or . = 'Send me your name!')]"}[39m
[35m[HTTP][39m [37m<-- POST /wd/hub/session/7e31f990-7d2d-48e5-a929-a7bd40521454/elements [39m[32m200[39m [90m37 ms - 139[39m
[35m[HTTP][39m [90m[39m
[35m[HTTP][39m [37m-->[39m [37mGET[39m [37m/wd/hub/session/7e31f990-7d2d-48e5-a929-a7bd40521454/element/00000000-0000-00cd-0000-00230000003d/location[39m
[35m[HTTP][39m [90m{}[39m
[35m[W3C (7e31f990)][39m Driver proxy active, passing request on via HTTP proxy
[35m[WD Proxy][39m Replacing sessionId 58b05490-473d-4ddf-a08b-2aeb0f6b6fa7 with 7e31f990-7d2d-48e5-a929-a7bd40521454
[35m[HTTP][39m [37m<-- GET /wd/hub/session/7e31f990-7d2d-48e5-a929-a7bd40521454/element/00000000-0000-00cd-0000-00230000003d/location [39m[32m200[39m [90m9 ms - 78[39m
[35m[HTTP][39m [90m[39m
[35m[HTTP][39m [37m-->[39m [37mPOST[39m [37m/wd/hub/session/7e31f990-7d2d-48e5-a929-a7bd40521454/touch/perform[39m
[35m[HTTP][39m [90m{"actions":[{"action":"tap","options":{"x":1,"y":1,"element":"00000000-0000-00cd-0000-00230000003d"}}]}[39m
[35m[UiAutomator2][39m calling get location: 00000000-0000-00cd-0000-00230000003d
[35m[HTTP][39m [37m<-- POST /wd/hub/session/7e31f990-7d2d-48e5-a929-a7bd40521454/touch/perform [39m[32m200[39m [90m152 ms - 14[39m
[35m[HTTP][39m [90m[39m
[35m[HTTP][39m [37m-->[39m [37mGET[39m [37m/wd/hub/session/7e31f990-7d2d-48e5-a929-a7bd40521454/source[39m
[35m[HTTP][39m [90m{}[39m
[35m[W3C (7e31f990)][39m Driver proxy active, passing request on via HTTP proxy
[35m[WD Proxy][39m Replacing sessionId 58b05490-473d-4ddf-a08b-2aeb0f6b6fa7 with 7e31f990-7d2d-48e5-a929-a7bd40521454
[35m[HTTP][39m [37m<-- GET /wd/hub/session/7e31f990-7d2d-48e5-a929-a7bd40521454/source [39m[32m200[39m [90m130 ms - 11557[39m
[35m[HTTP][39m [90m[39m
[35m[HTTP][39m [37m-->[39m [37mGET[39m [37m/wd/hub/session/7e31f990-7d2d-48e5-a929-a7bd40521454/screenshot[39m
[35m[HTTP][39m [90m{}[39m
[35m[HTTP][39m [37m<-- GET /wd/hub/session/7e31f990-7d2d-48e5-a929-a7bd40521454/screenshot [39m[32m200[39m [90m190 ms - 181606[39m
[35m[HTTP][39m [90m[39m
[35m[HTTP][39m [37m-->[39m [37mPOST[39m [37m/wd/hub/session/7e31f990-7d2d-48e5-a929-a7bd40521454/elements[39m
[35m[HTTP][39m [90m{"using":"xpath","value":"//*[@class = 'android.view.View' and (@text = '\"Shashank\"' or . = '\"Shashank\"')]"}[39m
[35m[HTTP][39m [37m<-- POST /wd/hub/session/7e31f990-7d2d-48e5-a929-a7bd40521454/elements [39m[32m200[39m [90m36 ms - 139[39m
[35m[HTTP][39m [90m[39m
[35m[HTTP][39m [37m-->[39m [37mGET[39m [37m/wd/hub/session/7e31f990-7d2d-48e5-a929-a7bd40521454/window/rect[39m
[35m[HTTP][39m [90m{}[39m
[35m[HTTP][39m [37m<-- GET /wd/hub/session/7e31f990-7d2d-48e5-a929-a7bd40521454/window/rect [39m[32m200[39m [90m10 ms - 50[39m
[35m[HTTP][39m [90m[39m
[35m[HTTP][39m [37m-->[39m [37mPOST[39m [37m/wd/hub/session/7e31f990-7d2d-48e5-a929-a7bd40521454/elements[39m
[35m[HTTP][39m [90m{"using":"xpath","value":"//*[@class = 'android.view.View' and (@text = '\"Shashank\"' or . = '\"Shashank\"')]"}[39m
[35m[HTTP][39m [37m<-- POST /wd/hub/session/7e31f990-7d2d-48e5-a929-a7bd40521454/elements [39m[32m200[39m [90m31 ms - 139[39m
[35m[HTTP][39m [90m[39m
[35m[HTTP][39m [37m-->[39m [37mGET[39m [37m/wd/hub/session/7e31f990-7d2d-48e5-a929-a7bd40521454/element/00000000-0000-00cd-0000-00330000003d/location[39m
[35m[HTTP][39m [90m{}[39m
[35m[W3C (7e31f990)][39m Driver proxy active, passing request on via HTTP proxy
[35m[WD Proxy][39m Replacing sessionId 58b05490-473d-4ddf-a08b-2aeb0f6b6fa7 with 7e31f990-7d2d-48e5-a929-a7bd40521454
[35m[HTTP][39m [37m<-- GET /wd/hub/session/7e31f990-7d2d-48e5-a929-a7bd40521454/element/00000000-0000-00cd-0000-00330000003d/location [39m[32m200[39m [90m10 ms - 77[39m
[35m[HTTP][39m [90m[39m
[35m[HTTP][39m [37m-->[39m [37mGET[39m [37m/wd/hub/session/7e31f990-7d2d-48e5-a929-a7bd40521454/element/00000000-0000-00cd-0000-00330000003d/text[39m
[35m[HTTP][39m [90m{}[39m
[35m[W3C (7e31f990)][39m Driver proxy active, passing request on via HTTP proxy
[35m[WD Proxy][39m Replacing sessionId 58b05490-473d-4ddf-a08b-2aeb0f6b6fa7 with 7e31f990-7d2d-48e5-a929-a7bd40521454
[35m[HTTP][39m [37m<-- GET /wd/hub/session/7e31f990-7d2d-48e5-a929-a7bd40521454/element/00000000-0000-00cd-0000-00330000003d/text [39m[32m200[39m [90m7 ms - 75[39m
[35m[HTTP][39m [90m[39m
[35m[HTTP][39m [37m-->[39m [37mGET[39m [37m/wd/hub/session/7e31f990-7d2d-48e5-a929-a7bd40521454/source[39m
[35m[HTTP][39m [90m{}[39m
[35m[W3C (7e31f990)][39m Driver proxy active, passing request on via HTTP proxy
[35m[WD Proxy][39m Replacing sessionId 58b05490-473d-4ddf-a08b-2aeb0f6b6fa7 with 7e31f990-7d2d-48e5-a929-a7bd40521454
[35m[HTTP][39m [37m<-- GET /wd/hub/session/7e31f990-7d2d-48e5-a929-a7bd40521454/source [39m[32m200[39m [90m51 ms - 11557[39m
[35m[HTTP][39m [90m[39m
[35m[HTTP][39m [37m-->[39m [37mGET[39m [37m/wd/hub/session/7e31f990-7d2d-48e5-a929-a7bd40521454/screenshot[39m
[35m[HTTP][39m [90m{}[39m
[35m[HTTP][39m [37m<-- GET /wd/hub/session/7e31f990-7d2d-48e5-a929-a7bd40521454/screenshot [39m[32m200[39m [90m204 ms - 181606[39m
[35m[HTTP][39m [90m[39m
[35m[HTTP][39m [37m-->[39m [37mDELETE[39m [37m/wd/hub/session/7e31f990-7d2d-48e5-a929-a7bd40521454[39m
[35m[HTTP][39m [90m{}[39m
[35m[Appium][39m Removing session 7e31f990-7d2d-48e5-a929-a7bd40521454 from our master session list
[35m[UiAutomator2][39m Restoring hidden api policy to the device default configuration
[35m[HTTP][39m [37m<-- DELETE /wd/hub/session/7e31f990-7d2d-48e5-a929-a7bd40521454 [39m[32m200[39m [90m338 ms - 14[39m
[35m[HTTP][39m [90m[39m
